# JRE version: OpenJDK Runtime Environment (17.0.6) (build 17.0.6+0-b2043.56-9586694)
# Java VM: OpenJDK 64-Bit Server VM (17.0.6+0-b2043.56-9586694, mixed mode, tiered, compressed oops, compressed class ptrs, g1 gc, windows-amd64)
GC Precious Log:
 CPUs: 2 total, 2 available
 Memory: 3499M
 Large Page Support: Disabled
 NUMA Support: Disabled
 Compressed Oops: Enabled (32-bit)
 Heap Region Size: 1M
 Heap Min Capacity: 8M
 Heap Initial Capacity: 56M
 Heap Max Capacity: 2G
 Pre-touch: Disabled
 Parallel Workers: 2
 Concurrent Workers: 1
 Concurrent Refinement Workers: 2
 Periodic GC: Disabled
Heap:
 garbage-first heap   total 309248K, used 193271K [0x0000000080000000, 0x0000000100000000)
  region size 1024K, 11 young (11264K), 2 survivors (2048K)
 Metaspace       used 113162K, committed 113984K, reserved 1155072K
  class space    used 14958K, committed 15360K, reserved 1048576K
GC Heap History (20 events):
Event: 69.889 GC heap before
{Heap before GC invocations=68 (full 0):
 garbage-first heap   total 283648K, used 236944K [0x0000000080000000, 0x0000000100000000)
  region size 1024K, 61 young (62464K), 5 survivors (5120K)
 Metaspace       used 109019K, committed 109824K, reserved 1146880K
  class space    used 14507K, committed 14912K, reserved 1048576K
}
Event: 69.910 GC heap after
{Heap after GC invocations=69 (full 0):
 garbage-first heap   total 283648K, used 182667K [0x0000000080000000, 0x0000000100000000)
  region size 1024K, 8 young (8192K), 8 survivors (8192K)
 Metaspace       used 109019K, committed 109824K, reserved 1146880K
  class space    used 14507K, committed 14912K, reserved 1048576K
}
Event: 1907.038 GC heap before
{Heap before GC invocations=70 (full 0):
 garbage-first heap   total 309248K, used 236939K [0x0000000080000000, 0x0000000100000000)
  region size 1024K, 61 young (62464K), 8 survivors (8192K)
 Metaspace       used 111240K, committed 112192K, reserved 1146880K
  class space    used 14787K, committed 15232K, reserved 1048576K
}
Event: 1907.499 GC heap after
{Heap after GC invocations=71 (full 0):
 garbage-first heap   total 309248K, used 184157K [0x0000000080000000, 0x0000000100000000)
  region size 1024K, 5 young (5120K), 5 survivors (5120K)
 Metaspace       used 111240K, committed 112192K, reserved 1146880K
  class space    used 14787K, committed 15232K, reserved 1048576K
}
Event: 2430.029 GC heap before
{Heap before GC invocations=71 (full 0):
 garbage-first heap   total 309248K, used 194397K [0x0000000080000000, 0x0000000100000000)
  region size 1024K, 15 young (15360K), 5 survivors (5120K)
 Metaspace       used 111249K, committed 112192K, reserved 1146880K
  class space    used 14787K, committed 15232K, reserved 1048576K
}
Event: 2430.273 GC heap after
{Heap after GC invocations=72 (full 0):
 garbage-first heap   total 309248K, used 184320K [0x0000000080000000, 0x0000000100000000)
  region size 1024K, 1 young (1024K), 1 survivors (1024K)
 Metaspace       used 111249K, committed 112192K, reserved 1146880K
  class space    used 14787K, committed 15232K, reserved 1048576K
}
Event: 5243.144 GC heap before
{Heap before GC invocations=72 (full 0):
 garbage-first heap   total 309248K, used 258048K [0x0000000080000000, 0x0000000100000000)
  region size 1024K, 73 young (74752K), 1 survivors (1024K)
 Metaspace       used 111512K, committed 112448K, reserved 1146880K
  class space    used 14813K, committed 15232K, reserved 1048576K
}
Event: 5243.207 GC heap after
{Heap after GC invocations=73 (full 0):
 garbage-first heap   total 309248K, used 185344K [0x0000000080000000, 0x0000000100000000)
  region size 1024K, 2 young (2048K), 2 survivors (2048K)
 Metaspace       used 111512K, committed 112448K, reserved 1146880K
  class space    used 14813K, committed 15232K, reserved 1048576K
}
Event: 5735.040 GC heap before
{Heap before GC invocations=73 (full 0):
 garbage-first heap   total 309248K, used 262144K [0x0000000080000000, 0x0000000100000000)
  region size 1024K, 78 young (79872K), 2 survivors (2048K)
 Metaspace       used 112018K, committed 112960K, reserved 1146880K
  class space    used 14835K, committed 15296K, reserved 1048576K
}
Event: 5735.451 GC heap after
{Heap after GC invocations=74 (full 0):
 garbage-first heap   total 309248K, used 183801K [0x0000000080000000, 0x0000000100000000)
  region size 1024K, 1 young (1024K), 1 survivors (1024K)
 Metaspace       used 112018K, committed 112960K, reserved 1146880K
  class space    used 14835K, committed 15296K, reserved 1048576K
}
Event: 6342.427 GC heap before
{Heap before GC invocations=75 (full 0):
 garbage-first heap   total 309248K, used 198137K [0x0000000080000000, 0x0000000100000000)
  region size 1024K, 15 young (15360K), 1 survivors (1024K)
 Metaspace       used 111670K, committed 113024K, reserved 1146880K
  class space    used 14757K, committed 15296K, reserved 1048576K
}
Event: 6342.722 GC heap after
{Heap after GC invocations=76 (full 0):
 garbage-first heap   total 309248K, used 184189K [0x0000000080000000, 0x0000000100000000)
  region size 1024K, 1 young (1024K), 1 survivors (1024K)
 Metaspace       used 111670K, committed 113024K, reserved 1146880K
  class space    used 14757K, committed 15296K, reserved 1048576K
}
Event: 6353.704 GC heap before
{Heap before GC invocations=76 (full 0):
 garbage-first heap   total 309248K, used 198525K [0x0000000080000000, 0x0000000100000000)
  region size 1024K, 15 young (15360K), 1 survivors (1024K)
 Metaspace       used 111750K, committed 113024K, reserved 1146880K
  class space    used 14774K, committed 15296K, reserved 1048576K
}
Event: 6353.794 GC heap after
{Heap after GC invocations=77 (full 0):
 garbage-first heap   total 309248K, used 183820K [0x0000000080000000, 0x0000000100000000)
  region size 1024K, 2 young (2048K), 2 survivors (2048K)
 Metaspace       used 111750K, committed 113024K, reserved 1146880K
  class space    used 14774K, committed 15296K, reserved 1048576K
}
Event: 6362.204 GC heap before
{Heap before GC invocations=77 (full 0):
 garbage-first heap   total 309248K, used 197132K [0x0000000080000000, 0x0000000100000000)
  region size 1024K, 15 young (15360K), 2 survivors (2048K)
 Metaspace       used 111819K, committed 113024K, reserved 1146880K
  class space    used 14782K, committed 15296K, reserved 1048576K
}
Event: 6362.309 GC heap after
{Heap after GC invocations=78 (full 0):
 garbage-first heap   total 309248K, used 183162K [0x0000000080000000, 0x0000000100000000)
  region size 1024K, 1 young (1024K), 1 survivors (1024K)
 Metaspace       used 111819K, committed 113024K, reserved 1146880K
  class space    used 14782K, committed 15296K, reserved 1048576K
}
Event: 6386.489 GC heap before
{Heap before GC invocations=78 (full 0):
 garbage-first heap   total 309248K, used 197498K [0x0000000080000000, 0x0000000100000000)
  region size 1024K, 15 young (15360K), 1 survivors (1024K)
 Metaspace       used 112251K, committed 113152K, reserved 1146880K
  class space    used 14839K, committed 15296K, reserved 1048576K
}
Event: 6386.954 GC heap after
{Heap after GC invocations=79 (full 0):
 garbage-first heap   total 309248K, used 184276K [0x0000000080000000, 0x0000000100000000)
  region size 1024K, 2 young (2048K), 2 survivors (2048K)
 Metaspace       used 112251K, committed 113152K, reserved 1146880K
  class space    used 14839K, committed 15296K, reserved 1048576K
}
Event: 6393.193 GC heap before
{Heap before GC invocations=79 (full 0):
 garbage-first heap   total 309248K, used 197588K [0x0000000080000000, 0x0000000100000000)
  region size 1024K, 15 young (15360K), 2 survivors (2048K)
 Metaspace       used 112795K, committed 113664K, reserved 1155072K
  class space    used 14916K, committed 15360K, reserved 1048576K
}
Event: 6393.360 GC heap after
{Heap after GC invocations=80 (full 0):
 garbage-first heap   total 309248K, used 185079K [0x0000000080000000, 0x0000000100000000)
  region size 1024K, 2 young (2048K), 2 survivors (2048K)
 Metaspace       used 112795K, committed 113664K, reserved 1155072K
  class space    used 14916K, committed 15360K, reserved 1048576K
}

