# JRE version: OpenJDK Runtime Environment (17.0.6) (build 17.0.6+0-b2043.56-9586694)
# Java VM: OpenJDK 64-Bit Server VM (17.0.6+0-b2043.56-9586694, mixed mode, tiered, compressed oops, compressed class ptrs, g1 gc, windows-amd64)
GC Precious Log:
 CPUs: 2 total, 2 available
 Memory: 3499M
 Large Page Support: Disabled
 NUMA Support: Disabled
 Compressed Oops: Enabled (32-bit)
 Heap Region Size: 1M
 Heap Min Capacity: 8M
 Heap Initial Capacity: 56M
 Heap Max Capacity: 2G
 Pre-touch: Disabled
 Parallel Workers: 2
 Concurrent Workers: 1
 Concurrent Refinement Workers: 2
 Periodic GC: Disabled
Heap:
 garbage-first heap   total 208896K, used 139391K [0x0000000080000000, 0x0000000100000000)
  region size 1024K, 23 young (23552K), 3 survivors (3072K)
 Metaspace       used 98644K, committed 99328K, reserved 1138688K
  class space    used 12861K, committed 13184K, reserved 1048576K
GC Heap History (20 events):
Event: 278.787 GC heap before
{Heap before GC invocations=79 (full 0):
 garbage-first heap   total 174080K, used 111486K [0x0000000080000000, 0x0000000100000000)
  region size 1024K, 9 young (9216K), 4 survivors (4096K)
 Metaspace       used 92707K, committed 93376K, reserved 1130496K
  class space    used 12318K, committed 12672K, reserved 1048576K
}
Event: 278.820 GC heap after
{Heap after GC invocations=80 (full 0):
 garbage-first heap   total 174080K, used 108240K [0x0000000080000000, 0x0000000100000000)
  region size 1024K, 2 young (2048K), 2 survivors (2048K)
 Metaspace       used 92707K, committed 93376K, reserved 1130496K
  class space    used 12318K, committed 12672K, reserved 1048576K
}
Event: 290.513 GC heap before
{Heap before GC invocations=80 (full 0):
 garbage-first heap   total 174080K, used 127696K [0x0000000080000000, 0x0000000100000000)
  region size 1024K, 22 young (22528K), 2 survivors (2048K)
 Metaspace       used 93698K, committed 94336K, reserved 1130496K
  class space    used 12385K, committed 12672K, reserved 1048576K
}
Event: 290.673 GC heap after
{Heap after GC invocations=81 (full 0):
 garbage-first heap   total 174080K, used 111834K [0x0000000080000000, 0x0000000100000000)
  region size 1024K, 3 young (3072K), 3 survivors (3072K)
 Metaspace       used 93698K, committed 94336K, reserved 1130496K
  class space    used 12385K, committed 12672K, reserved 1048576K
}
Event: 302.011 GC heap before
{Heap before GC invocations=81 (full 0):
 garbage-first heap   total 174080K, used 116954K [0x0000000080000000, 0x0000000100000000)
  region size 1024K, 8 young (8192K), 3 survivors (3072K)
 Metaspace       used 93882K, committed 94592K, reserved 1138688K
  class space    used 12399K, committed 12736K, reserved 1048576K
}
Event: 302.062 GC heap after
{Heap after GC invocations=82 (full 0):
 garbage-first heap   total 174080K, used 113033K [0x0000000080000000, 0x0000000100000000)
  region size 1024K, 1 young (1024K), 1 survivors (1024K)
 Metaspace       used 93882K, committed 94592K, reserved 1138688K
  class space    used 12399K, committed 12736K, reserved 1048576K
}
Event: 308.249 GC heap before
{Heap before GC invocations=82 (full 0):
 garbage-first heap   total 174080K, used 135561K [0x0000000080000000, 0x0000000100000000)
  region size 1024K, 23 young (23552K), 1 survivors (1024K)
 Metaspace       used 93972K, committed 94656K, reserved 1138688K
  class space    used 12408K, committed 12736K, reserved 1048576K
}
Event: 308.355 GC heap after
{Heap after GC invocations=83 (full 0):
 garbage-first heap   total 174080K, used 116601K [0x0000000080000000, 0x0000000100000000)
  region size 1024K, 3 young (3072K), 3 survivors (3072K)
 Metaspace       used 93972K, committed 94656K, reserved 1138688K
  class space    used 12408K, committed 12736K, reserved 1048576K
}
Event: 327.514 GC heap before
{Heap before GC invocations=83 (full 0):
 garbage-first heap   total 174080K, used 136057K [0x0000000080000000, 0x0000000100000000)
  region size 1024K, 22 young (22528K), 3 survivors (3072K)
 Metaspace       used 96289K, committed 96896K, reserved 1138688K
  class space    used 12614K, committed 12928K, reserved 1048576K
}
Event: 327.812 GC heap after
{Heap after GC invocations=84 (full 0):
 garbage-first heap   total 174080K, used 120815K [0x0000000080000000, 0x0000000100000000)
  region size 1024K, 3 young (3072K), 3 survivors (3072K)
 Metaspace       used 96289K, committed 96896K, reserved 1138688K
  class space    used 12614K, committed 12928K, reserved 1048576K
}
Event: 341.390 GC heap before
{Heap before GC invocations=84 (full 0):
 garbage-first heap   total 174080K, used 131055K [0x0000000080000000, 0x0000000100000000)
  region size 1024K, 13 young (13312K), 3 survivors (3072K)
 Metaspace       used 96579K, committed 97280K, reserved 1138688K
  class space    used 12631K, committed 12928K, reserved 1048576K
}
Event: 341.516 GC heap after
{Heap after GC invocations=85 (full 0):
 garbage-first heap   total 208896K, used 119335K [0x0000000080000000, 0x0000000100000000)
  region size 1024K, 1 young (1024K), 1 survivors (1024K)
 Metaspace       used 96579K, committed 97280K, reserved 1138688K
  class space    used 12631K, committed 12928K, reserved 1048576K
}
Event: 366.864 GC heap before
{Heap before GC invocations=85 (full 0):
 garbage-first heap   total 208896K, used 165415K [0x0000000080000000, 0x0000000100000000)
  region size 1024K, 45 young (46080K), 1 survivors (1024K)
 Metaspace       used 96663K, committed 97344K, reserved 1138688K
  class space    used 12642K, committed 12928K, reserved 1048576K
}
Event: 367.024 GC heap after
{Heap after GC invocations=86 (full 0):
 garbage-first heap   total 208896K, used 121905K [0x0000000080000000, 0x0000000100000000)
  region size 1024K, 2 young (2048K), 2 survivors (2048K)
 Metaspace       used 96663K, committed 97344K, reserved 1138688K
  class space    used 12642K, committed 12928K, reserved 1048576K
}
Event: 373.993 GC heap before
{Heap before GC invocations=86 (full 0):
 garbage-first heap   total 208896K, used 174129K [0x0000000080000000, 0x0000000100000000)
  region size 1024K, 54 young (55296K), 2 survivors (2048K)
 Metaspace       used 96677K, committed 97344K, reserved 1138688K
  class space    used 12644K, committed 12928K, reserved 1048576K
}
Event: 374.070 GC heap after
{Heap after GC invocations=87 (full 0):
 garbage-first heap   total 208896K, used 122501K [0x0000000080000000, 0x0000000100000000)
  region size 1024K, 2 young (2048K), 2 survivors (2048K)
 Metaspace       used 96677K, committed 97344K, reserved 1138688K
  class space    used 12644K, committed 12928K, reserved 1048576K
}
Event: 377.992 GC heap before
{Heap before GC invocations=87 (full 0):
 garbage-first heap   total 208896K, used 177797K [0x0000000080000000, 0x0000000100000000)
  region size 1024K, 56 young (57344K), 2 survivors (2048K)
 Metaspace       used 96713K, committed 97408K, reserved 1138688K
  class space    used 12647K, committed 12992K, reserved 1048576K
}
Event: 378.031 GC heap after
{Heap after GC invocations=88 (full 0):
 garbage-first heap   total 208896K, used 123316K [0x0000000080000000, 0x0000000100000000)
  region size 1024K, 3 young (3072K), 3 survivors (3072K)
 Metaspace       used 96713K, committed 97408K, reserved 1138688K
  class space    used 12647K, committed 12992K, reserved 1048576K
}
Event: 446.613 GC heap before
{Heap before GC invocations=88 (full 0):
 garbage-first heap   total 208896K, used 179636K [0x0000000080000000, 0x0000000100000000)
  region size 1024K, 57 young (58368K), 3 survivors (3072K)
 Metaspace       used 98149K, committed 98816K, reserved 1138688K
  class space    used 12812K, committed 13120K, reserved 1048576K
}
Event: 446.929 GC heap after
{Heap after GC invocations=89 (full 0):
 garbage-first heap   total 208896K, used 120959K [0x0000000080000000, 0x0000000100000000)
  region size 1024K, 3 young (3072K), 3 survivors (3072K)
 Metaspace       used 98149K, committed 98816K, reserved 1138688K
  class space    used 12812K, committed 13120K, reserved 1048576K
}

