# JRE version: OpenJDK Runtime Environment (17.0.6) (build 17.0.6+0-b2043.56-9586694)
# Java VM: OpenJDK 64-Bit Server VM (17.0.6+0-b2043.56-9586694, mixed mode, tiered, compressed oops, compressed class ptrs, g1 gc, windows-amd64)
GC Precious Log:
 CPUs: 2 total, 2 available
 Memory: 3499M
 Large Page Support: Disabled
 NUMA Support: Disabled
 Compressed Oops: Enabled (32-bit)
 Heap Region Size: 1M
 Heap Min Capacity: 8M
 Heap Initial Capacity: 56M
 Heap Max Capacity: 2G
 Pre-touch: Disabled
 Parallel Workers: 2
 Concurrent Workers: 1
 Concurrent Refinement Workers: 2
 Periodic GC: Disabled
Heap:
 garbage-first heap   total 413696K, used 144084K [0x0000000080000000, 0x0000000100000000)
  region size 1024K, 16 young (16384K), 1 survivors (1024K)
 Metaspace       used 112036K, committed 112768K, reserved 1155072K
  class space    used 14503K, committed 14848K, reserved 1048576K
GC Heap History (20 events):
Event: 75.071 GC heap before
{Heap before GC invocations=49 (full 0):
 garbage-first heap   total 182272K, used 156672K [0x0000000080000000, 0x0000000100000000)
  region size 1024K, 40 young (40960K), 6 survivors (6144K)
 Metaspace       used 91328K, committed 92032K, reserved 1130496K
  class space    used 12162K, committed 12480K, reserved 1048576K
}
Event: 75.102 GC heap after
{Heap after GC invocations=50 (full 0):
 garbage-first heap   total 182272K, used 107520K [0x0000000080000000, 0x0000000100000000)
  region size 1024K, 3 young (3072K), 3 survivors (3072K)
 Metaspace       used 91328K, committed 92032K, reserved 1130496K
  class space    used 12162K, committed 12480K, reserved 1048576K
}
Event: 75.171 GC heap before
{Heap before GC invocations=50 (full 0):
 garbage-first heap   total 182272K, used 112640K [0x0000000080000000, 0x0000000100000000)
  region size 1024K, 8 young (8192K), 3 survivors (3072K)
 Metaspace       used 91339K, committed 92032K, reserved 1130496K
  class space    used 12162K, committed 12480K, reserved 1048576K
}
Event: 75.180 GC heap after
{Heap after GC invocations=51 (full 0):
 garbage-first heap   total 182272K, used 108032K [0x0000000080000000, 0x0000000100000000)
  region size 1024K, 1 young (1024K), 1 survivors (1024K)
 Metaspace       used 91339K, committed 92032K, reserved 1130496K
  class space    used 12162K, committed 12480K, reserved 1048576K
}
Event: 77.700 GC heap before
{Heap before GC invocations=51 (full 0):
 garbage-first heap   total 182272K, used 142848K [0x0000000080000000, 0x0000000100000000)
  region size 1024K, 36 young (36864K), 1 survivors (1024K)
 Metaspace       used 92644K, committed 93376K, reserved 1130496K
  class space    used 12268K, committed 12608K, reserved 1048576K
}
Event: 77.727 GC heap after
{Heap after GC invocations=52 (full 0):
 garbage-first heap   total 413696K, used 113421K [0x0000000080000000, 0x0000000100000000)
  region size 1024K, 5 young (5120K), 5 survivors (5120K)
 Metaspace       used 92644K, committed 93376K, reserved 1130496K
  class space    used 12268K, committed 12608K, reserved 1048576K
}
Event: 108.514 GC heap before
{Heap before GC invocations=52 (full 0):
 garbage-first heap   total 413696K, used 301837K [0x0000000080000000, 0x0000000100000000)
  region size 1024K, 190 young (194560K), 5 survivors (5120K)
 Metaspace       used 101607K, committed 102336K, reserved 1138688K
  class space    used 13279K, committed 13632K, reserved 1048576K
}
Event: 108.732 GC heap after
{Heap after GC invocations=53 (full 0):
 garbage-first heap   total 413696K, used 118541K [0x0000000080000000, 0x0000000100000000)
  region size 1024K, 10 young (10240K), 10 survivors (10240K)
 Metaspace       used 101607K, committed 102336K, reserved 1138688K
  class space    used 13279K, committed 13632K, reserved 1048576K
}
Event: 110.755 GC heap before
{Heap before GC invocations=53 (full 0):
 garbage-first heap   total 413696K, used 170765K [0x0000000080000000, 0x0000000100000000)
  region size 1024K, 61 young (62464K), 10 survivors (10240K)
 Metaspace       used 101650K, committed 102336K, reserved 1138688K
  class space    used 13284K, committed 13632K, reserved 1048576K
}
Event: 110.844 GC heap after
{Heap after GC invocations=54 (full 0):
 garbage-first heap   total 413696K, used 118959K [0x0000000080000000, 0x0000000100000000)
  region size 1024K, 1 young (1024K), 1 survivors (1024K)
 Metaspace       used 101650K, committed 102336K, reserved 1138688K
  class space    used 13284K, committed 13632K, reserved 1048576K
}
Event: 153.365 GC heap before
{Heap before GC invocations=54 (full 0):
 garbage-first heap   total 413696K, used 344239K [0x0000000080000000, 0x0000000100000000)
  region size 1024K, 220 young (225280K), 1 survivors (1024K)
 Metaspace       used 110073K, committed 110848K, reserved 1146880K
  class space    used 14339K, committed 14720K, reserved 1048576K
}
Event: 153.715 GC heap after
{Heap after GC invocations=55 (full 0):
 garbage-first heap   total 413696K, used 122449K [0x0000000080000000, 0x0000000100000000)
  region size 1024K, 5 young (5120K), 5 survivors (5120K)
 Metaspace       used 110073K, committed 110848K, reserved 1146880K
  class space    used 14339K, committed 14720K, reserved 1048576K
}
Event: 159.506 GC heap before
{Heap before GC invocations=55 (full 0):
 garbage-first heap   total 413696K, used 136785K [0x0000000080000000, 0x0000000100000000)
  region size 1024K, 20 young (20480K), 5 survivors (5120K)
 Metaspace       used 110231K, committed 110976K, reserved 1146880K
  class space    used 14343K, committed 14720K, reserved 1048576K
}
Event: 159.525 GC heap after
{Heap after GC invocations=56 (full 0):
 garbage-first heap   total 413696K, used 123120K [0x0000000080000000, 0x0000000100000000)
  region size 1024K, 1 young (1024K), 1 survivors (1024K)
 Metaspace       used 110231K, committed 110976K, reserved 1146880K
  class space    used 14343K, committed 14720K, reserved 1048576K
}
Event: 248.593 GC heap before
{Heap before GC invocations=56 (full 0):
 garbage-first heap   total 413696K, used 253168K [0x0000000080000000, 0x0000000100000000)
  region size 1024K, 129 young (132096K), 1 survivors (1024K)
 Metaspace       used 111590K, committed 112256K, reserved 1155072K
  class space    used 14463K, committed 14784K, reserved 1048576K
}
Event: 249.082 GC heap after
{Heap after GC invocations=57 (full 0):
 garbage-first heap   total 413696K, used 129733K [0x0000000080000000, 0x0000000100000000)
  region size 1024K, 8 young (8192K), 8 survivors (8192K)
 Metaspace       used 111590K, committed 112256K, reserved 1155072K
  class space    used 14463K, committed 14784K, reserved 1048576K
}
Event: 250.948 GC heap before
{Heap before GC invocations=57 (full 0):
 garbage-first heap   total 413696K, used 140997K [0x0000000080000000, 0x0000000100000000)
  region size 1024K, 20 young (20480K), 8 survivors (8192K)
 Metaspace       used 111782K, committed 112512K, reserved 1155072K
  class space    used 14478K, committed 14848K, reserved 1048576K
}
Event: 251.134 GC heap after
{Heap after GC invocations=58 (full 0):
 garbage-first heap   total 413696K, used 130778K [0x0000000080000000, 0x0000000100000000)
  region size 1024K, 1 young (1024K), 1 survivors (1024K)
 Metaspace       used 111782K, committed 112512K, reserved 1155072K
  class space    used 14478K, committed 14848K, reserved 1048576K
}
Event: 274.247 GC heap before
{Heap before GC invocations=58 (full 0):
 garbage-first heap   total 413696K, used 165594K [0x0000000080000000, 0x0000000100000000)
  region size 1024K, 36 young (36864K), 1 survivors (1024K)
 Metaspace       used 112013K, committed 112768K, reserved 1155072K
  class space    used 14503K, committed 14848K, reserved 1048576K
}
Event: 274.438 GC heap after
{Heap after GC invocations=59 (full 0):
 garbage-first heap   total 413696K, used 130772K [0x0000000080000000, 0x0000000100000000)
  region size 1024K, 1 young (1024K), 1 survivors (1024K)
 Metaspace       used 112013K, committed 112768K, reserved 1155072K
  class space    used 14503K, committed 14848K, reserved 1048576K
}

